time="2026-04-03T22:23:15-03:00" level=warning msg="C:\\proyectos\\factu_new\\docker-compose.yml: the attribute `version` is obsolete, it will be ignored, please remove it to avoid potential confusion"
#1 [internal] load local bake definitions
#1 reading from stdin 528B done
#1 DONE 0.0s

#2 [internal] load build definition from Dockerfile
#2 transferring dockerfile:
#2 transferring dockerfile: 449B 0.4s done
#2 DONE 0.4s

#3 [internal] load metadata for docker.io/library/python:3.11-slim
#3 DONE 0.8s

#4 [internal] load .dockerignore
#4 transferring context: 2B done
#4 DONE 0.0s

#5 [internal] load build context
#5 transferring context: 6.12kB 0.0s done
#5 DONE 0.1s

#6 [1/6] FROM docker.io/library/python:3.11-slim@sha256:9358444059ed78e2975ada2c189f1c1a3144a5dab6f35bff8c981afb38946634
#6 resolve docker.io/library/python:3.11-slim@sha256:9358444059ed78e2975ada2c189f1c1a3144a5dab6f35bff8c981afb38946634 0.1s done
#6 DONE 0.1s

#7 [2/6] WORKDIR /app
#7 CACHED

#8 [3/6] COPY requirements.txt .
#8 CACHED

#9 [4/6] RUN apt-get update && apt-get install -y     libcairo2     libpango-1.0-0     libpangocairo-1.0-0     libgdk-pixbuf2.0-0     libffi-dev     shared-mime-info     && rm -rf /var/lib/apt/lists/*
#9 0.487 Hit:1 http://deb.debian.org/debian trixie InRelease
#9 0.487 Get:2 http://deb.debian.org/debian trixie-updates InRelease [47.3 kB]
#9 0.526 Get:3 http://deb.debian.org/debian-security trixie-security InRelease [43.4 kB]
#9 0.561 Get:4 http://deb.debian.org/debian trixie/main amd64 Packages [9671 kB]
#9 1.556 Get:5 http://deb.debian.org/debian trixie-updates/main amd64 Packages [5412 B]
#9 1.586 Get:6 http://deb.debian.org/debian-security trixie-security/main amd64 Packages [119 kB]
#9 2.798 Fetched 9886 kB in 2s (4052 kB/s)
#9 2.798 Reading package lists...
#9 4.076 Reading package lists...
#9 5.530 Building dependency tree...
#9 5.714 Reading state information...
#9 5.741 Package libgdk-pixbuf2.0-0 is not available, but is referred to by another package.
#9 5.741 This may mean that the package is missing, has been obsoleted, or
#9 5.741 is only available from another source
#9 5.741 However the following packages replace it:
#9 5.741   libgdk-pixbuf-xlib-2.0-0
#9 5.741 
#9 5.746 E: Package 'libgdk-pixbuf2.0-0' has no installation candidate
#9 ERROR: process "/bin/sh -c apt-get update && apt-get install -y     libcairo2     libpango-1.0-0     libpangocairo-1.0-0     libgdk-pixbuf2.0-0     libffi-dev     shared-mime-info     && rm -rf /var/lib/apt/lists/*" did not complete successfully: exit code: 100
------
 > [4/6] RUN apt-get update && apt-get install -y     libcairo2     libpango-1.0-0     libpangocairo-1.0-0     libgdk-pixbuf2.0-0     libffi-dev     shared-mime-info     && rm -rf /var/lib/apt/lists/*:


5.714 Reading state information...
5.741 Package libgdk-pixbuf2.0-0 is not available, but is referred to by another package.
5.741 This may mean that the package is missing, has been obsoleted, or
5.741 is only available from another source
5.741 However the following packages replace it:
5.741   libgdk-pixbuf-xlib-2.0-0
5.741 
5.746 E: Package 'libgdk-pixbuf2.0-0' has no installation candidate
------
Dockerfile:7

--------------------

   6 |     

   7 | >>> RUN apt-get update && apt-get install -y \

   8 | >>>     libcairo2 \

   9 | >>>     libpango-1.0-0 \

  10 | >>>     libpangocairo-1.0-0 \

  11 | >>>     libgdk-pixbuf2.0-0 \

  12 | >>>     libffi-dev \

  13 | >>>     shared-mime-info \

  14 | >>>     && rm -rf /var/lib/apt/lists/*

  15 |     

--------------------

failed to solve: process "/bin/sh -c apt-get update && apt-get install -y     libcairo2     libpango-1.0-0     libpangocairo-1.0-0     libgdk-pixbuf2.0-0     libffi-dev     shared-mime-info     && rm -rf /var/lib/apt/lists/*" did not complete successfully: exit code: 100



View build details: docker-desktop://dashboard/build/default/default/7fdvpeh8l3b0cn2wyxlnda427

